<?xml version="1.0" encoding="utf-8" standalone="yes"?>
<coverage line-rate="0.13104434907010015" branch-rate="0.09282700421940929" complexity="1250" version="1.9" timestamp="1779971575" lines-covered="458" lines-valid="3495" branches-covered="110" branches-valid="1185">
  <packages>
    <package line-rate="1" branch-rate="1" complexity="21" name="StudyHelper.Tests">
      <classes>
        <class line-rate="1" branch-rate="1" complexity="1" name="StudyHelper.Tests.UnitTest1" filename="C:\work2\StudyHelper\StudyHelper.Tests\UnitTest1.cs">
          <methods>
            <method line-rate="1" branch-rate="1" complexity="1" name="Test1" signature="()">
              <lines>
                <line number="7" hits="1" branch="False" />
                <line number="9" hits="1" branch="False" />
              </lines>
            </method>
          </methods>
          <lines>
            <line number="7" hits="1" branch="False" />
            <line number="9" hits="1" branch="False" />
          </lines>
        </class>
        <class line-rate="1" branch-rate="1" complexity="1" name="StudyHelper.Tests.Services.FileValidationServiceTests" filename="C:\work2\StudyHelper\StudyHelper.Tests\Services\FileValidationServiceTests.cs">
          <methods>
            <method line-rate="1" branch-rate="1" complexity="1" name=".ctor" signature="()">
              <lines>
                <line number="9" hits="1" branch="False" />
              </lines>
            </method>
          </methods>
          <lines>
            <line number="9" hits="1" branch="False" />
          </lines>
        </class>
        <class line-rate="1" branch-rate="1" complexity="2" name="StudyHelper.Tests.Services.QuestionGeneratorServiceTests" filename="C:\work2\StudyHelper\StudyHelper.Tests\Services\QuestionGeneratorServiceTests.cs">
          <methods>
            <method line-rate="1" branch-rate="1" complexity="1" name="GenerateQuestion_WhenSectionsIsNullThenThrowsArgumentNullException" signature="()">
              <lines>
                <line number="13" hits="1" branch="False" />
                <line number="15" hits="1" branch="False" />
                <line number="18" hits="1" branch="False" />
                <line number="19" hits="1" branch="False" />
              </lines>
            </method>
            <method line-rate="1" branch-rate="1" complexity="1" name="GenerateQuestion_WhenSectionsIsEmptyThenThrowsInvalidOperationException" signature="()">
              <lines>
                <line number="23" hits="1" branch="False" />
                <line number="25" hits="1" branch="False" />
                <line number="28" hits="1" branch="False" />
                <line number="31" hits="1" branch="False" />
                <line number="32" hits="1" branch="False" />
              </lines>
            </method>
            <method line-rate="1" branch-rate="1" complexity="1" name="GenerateQuestion_WhenNoValidSectionsThenThrowsInvalidOperationException" signature="()">
              <lines>
                <line number="36" hits="1" branch="False" />
                <line number="38" hits="1" branch="False" />
                <line number="39" hits="1" branch="False" />
                <line number="40" hits="1" branch="False" />
                <line number="41" hits="1" branch="False" />
                <line number="42" hits="1" branch="False" />
                <line number="43" hits="1" branch="False" />
                <line number="44" hits="1" branch="False" />
                <line number="45" hits="1" branch="False" />
                <line number="48" hits="1" branch="False" />
                <line number="51" hits="1" branch="False" />
                <line number="52" hits="1" branch="False" />
              </lines>
            </method>
            <method line-rate="1" branch-rate="1" complexity="1" name="GenerateQuestion_WhenSectionHasAtLeastFourTermsThenReturnsTermDefinitionQuestion" signature="()">
              <lines>
                <line number="56" hits="1" branch="False" />
                <line number="58" hits="1" branch="False" />
                <line number="59" hits="1" branch="False" />
                <line number="60" hits="1" branch="False" />
                <line number="61" hits="1" branch="False" />
                <line number="62" hits="1" branch="False" />
                <line number="63" hits="1" branch="False" />
                <line number="64" hits="1" branch="False" />
                <line number="65" hits="1" branch="False" />
                <line number="66" hits="1" branch="False" />
                <line number="67" hits="1" branch="False" />
                <line number="68" hits="1" branch="False" />
                <line number="69" hits="1" branch="False" />
                <line number="72" hits="1" branch="False" />
                <line number="75" hits="1" branch="False" />
                <line number="76" hits="1" branch="False" />
                <line number="77" hits="1" branch="False" />
                <line number="78" hits="1" branch="False" />
                <line number="79" hits="1" branch="False" />
                <line number="80" hits="1" branch="False" />
              </lines>
            </method>
            <method line-rate="1" branch-rate="1" complexity="1" name="GenerateQuestion_WhenSectionHasAtLeastFourBulletsThenReturnsBulletQuestion" signature="()">
              <lines>
                <line number="84" hits="1" branch="False" />
                <line number="86" hits="1" branch="False" />
                <line number="87" hits="1" branch="False" />
                <line number="88" hits="1" branch="False" />
                <line number="89" hits="1" branch="False" />
                <line number="90" hits="1" branch="False" />
                <line number="91" hits="1" branch="False" />
                <line number="92" hits="1" branch="False" />
                <line number="93" hits="1" branch="False" />
                <line number="94" hits="1" branch="False" />
                <line number="95" hits="1" branch="False" />
                <line number="96" hits="1" branch="False" />
                <line number="97" hits="1" branch="False" />
                <line number="100" hits="1" branch="False" />
                <line number="103" hits="1" branch="False" />
                <line number="104" hits="1" branch="False" />
                <line number="105" hits="1" branch="False" />
                <line number="106" hits="1" branch="False" />
                <line number="107" hits="1" branch="False" />
                <line number="108" hits="1" branch="False" />
              </lines>
            </method>
            <method line-rate="1" branch-rate="1" complexity="2" name="GenerateQuestion_WhenSectionHasSingleBulletThenReturnsMixedDistractorQuestion" signature="()">
              <lines>
                <line number="112" hits="1" branch="False" />
                <line number="114" hits="1" branch="False" />
                <line number="115" hits="1" branch="False" />
                <line number="116" hits="1" branch="False" />
                <line number="117" hits="1" branch="False" />
                <line number="118" hits="1" branch="False" />
                <line number="119" hits="1" branch="False" />
                <line number="121" hits="1" branch="False" />
                <line number="122" hits="1" branch="False" />
                <line number="123" hits="1" branch="False" />
                <line number="124" hits="1" branch="False" />
                <line number="125" hits="1" branch="False" />
                <line number="126" hits="1" branch="False" />
                <line number="129" hits="1" branch="False" />
                <line number="132" hits="1" branch="False" />
                <line number="133" hits="1" branch="False" />
                <line number="134" hits="1" branch="False" />
                <line number="135" hits="1" branch="True" condition-coverage="100% (2/2)">
                  <conditions>
                    <condition number="0" type="jump" coverage="100%" />
                  </conditions>
                </line>
                <line number="136" hits="1" branch="False" />
              </lines>
            </method>
            <method line-rate="1" branch-rate="1" complexity="1" name="GenerateQuestion_WhenSectionHasContentLinesThenReturnsConceptQuestion" signature="()">
              <lines>
                <line number="140" hits="1" branch="False" />
                <line number="142" hits="1" branch="False" />
                <line number="143" hits="1" branch="False" />
                <line number="144" hits="1" branch="False" />
                <line number="145" hits="1" branch="False" />
                <line number="146" hits="1" branch="False" />
                <line number="147" hits="1" branch="False" />
                <line number="148" hits="1" branch="False" />
                <line number="149" hits="1" branch="False" />
                <line number="150" hits="1" branch="False" />
                <line number="152" hits="1" branch="False" />
                <line number="153" hits="1" branch="False" />
                <line number="154" hits="1" branch="False" />
                <line number="155" hits="1" branch="False" />
                <line number="156" hits="1" branch="False" />
                <line number="157" hits="1" branch="False" />
                <line number="158" hits="1" branch="False" />
                <line number="159" hits="1" branch="False" />
                <line number="160" hits="1" branch="False" />
                <line number="163" hits="1" branch="False" />
                <line number="166" hits="1" branch="False" />
                <line number="167" hits="1" branch="False" />
                <line number="168" hits="1" branch="False" />
                <line number="169" hits="1" branch="False" />
                <line number="170" hits="1" branch="False" />
                <line number="171" hits="1" branch="False" />
              </lines>
            </method>
            <method line-rate="1" branch-rate="1" complexity="1" name=".ctor" signature="()">
              <lines>
                <line number="9" hits="1" branch="False" />
              </lines>
            </method>
            <method line-rate="1" branch-rate="1" complexity="1" name="&lt;GenerateQuestion_WhenSectionsIsNullThenThrowsArgumentNullException&gt;b__1_0" signature="()">
              <lines>
                <line number="15" hits="1" branch="False" />
              </lines>
            </method>
          </methods>
          <lines>
            <line number="9" hits="1" branch="False" />
            <line number="13" hits="1" branch="False" />
            <line number="15" hits="1" branch="False" />
            <line number="18" hits="1" branch="False" />
            <line number="19" hits="1" branch="False" />
            <line number="23" hits="1" branch="False" />
            <line number="25" hits="1" branch="False" />
            <line number="28" hits="1" branch="False" />
            <line number="31" hits="1" branch="False" />
            <line number="32" hits="1" branch="False" />
            <line number="36" hits="1" branch="False" />
            <line number="38" hits="1" branch="False" />
            <line number="39" hits="1" branch="False" />
            <line number="40" hits="1" branch="False" />
            <line number="41" hits="1" branch="False" />
            <line number="42" hits="1" branch="False" />
            <line number="43" hits="1" branch="False" />
            <line number="44" hits="1" branch="False" />
            <line number="45" hits="1" branch="False" />
            <line number="48" hits="1" branch="False" />
            <line number="51" hits="1" branch="False" />
            <line number="52" hits="1" branch="False" />
            <line number="56" hits="1" branch="False" />
            <line number="58" hits="1" branch="False" />
            <line number="59" hits="1" branch="False" />
            <line number="60" hits="1" branch="False" />
            <line number="61" hits="1" branch="False" />
            <line number="62" hits="1" branch="False" />
            <line number="63" hits="1" branch="False" />
            <line number="64" hits="1" branch="False" />
            <line number="65" hits="1" branch="False" />
            <line number="66" hits="1" branch="False" />
            <line number="67" hits="1" branch="False" />
            <line number="68" hits="1" branch="False" />
            <line number="69" hits="1" branch="False" />
            <line number="72" hits="1" branch="False" />
            <line number="75" hits="1" branch="False" />
            <line number="76" hits="1" branch="False" />
            <line number="77" hits="1" branch="False" />
            <line number="78" hits="1" branch="False" />
            <line number="79" hits="1" branch="False" />
            <line number="80" hits="1" branch="False" />
            <line number="84" hits="1" branch="False" />
            <line number="86" hits="1" branch="False" />
            <line number="87" hits="1" branch="False" />
            <line number="88" hits="1" branch="False" />
            <line number="89" hits="1" branch="False" />
            <line number="90" hits="1" branch="False" />
            <line number="91" hits="1" branch="False" />
            <line number="92" hits="1" branch="False" />
            <line number="93" hits="1" branch="False" />
            <line number="94" hits="1" branch="False" />
            <line number="95" hits="1" branch="False" />
            <line number="96" hits="1" branch="False" />
            <line number="97" hits="1" branch="False" />
            <line number="100" hits="1" branch="False" />
            <line number="103" hits="1" branch="False" />
            <line number="104" hits="1" branch="False" />
            <line number="105" hits="1" branch="False" />
            <line number="106" hits="1" branch="False" />
            <line number="107" hits="1" branch="False" />
            <line number="108" hits="1" branch="False" />
            <line number="112" hits="1" branch="False" />
            <line number="114" hits="1" branch="False" />
            <line number="115" hits="1" branch="False" />
            <line number="116" hits="1" branch="False" />
            <line number="117" hits="1" branch="False" />
            <line number="118" hits="1" branch="False" />
            <line number="119" hits="1" branch="False" />
            <line number="121" hits="1" branch="False" />
            <line number="122" hits="1" branch="False" />
            <line number="123" hits="1" branch="False" />
            <line number="124" hits="1" branch="False" />
            <line number="125" hits="1" branch="False" />
            <line number="126" hits="1" branch="False" />
            <line number="129" hits="1" branch="False" />
            <line number="132" hits="1" branch="False" />
            <line number="133" hits="1" branch="False" />
            <line number="134" hits="1" branch="False" />
            <line number="135" hits="1" branch="True" condition-coverage="100% (2/2)">
              <conditions>
                <condition number="0" type="jump" coverage="100%" />
              </conditions>
            </line>
            <line number="136" hits="1" branch="False" />
            <line number="140" hits="1" branch="False" />
            <line number="142" hits="1" branch="False" />
            <line number="143" hits="1" branch="False" />
            <line number="144" hits="1" branch="False" />
            <line number="145" hits="1" branch="False" />
            <line number="146" hits="1" branch="False" />
            <line number="147" hits="1" branch="False" />
            <line number="148" hits="1" branch="False" />
            <line number="149" hits="1" branch="False" />
            <line number="150" hits="1" branch="False" />
            <line number="152" hits="1" branch="False" />
            <line number="153" hits="1" branch="False" />
            <line number="154" hits="1" branch="False" />
            <line number="155" hits="1" branch="False" />
            <line number="156" hits="1" branch="False" />
            <line number="157" hits="1" branch="False" />
            <line number="158" hits="1" branch="False" />
            <line number="159" hits="1" branch="False" />
            <line number="160" hits="1" branch="False" />
            <line number="163" hits="1" branch="False" />
            <line number="166" hits="1" branch="False" />
            <line number="167" hits="1" branch="False" />
            <line number="168" hits="1" branch="False" />
            <line number="169" hits="1" branch="False" />
            <line number="170" hits="1" branch="False" />
            <line number="171" hits="1" branch="False" />
          </lines>
        </class>
        <class line-rate="1" branch-rate="1" complexity="1" name="StudyHelper.Tests.Services.FileValidationServiceTests.&lt;&gt;c" filename="C:\work2\StudyHelper\StudyHelper.Tests\Services\FileValidationServiceTests.cs">
          <methods>
            <method line-rate="1" branch-rate="1" complexity="1" name="&lt;ValidatePlainTextAsync_WhenContentContainsNonAsciiThenReturnsInvalid&gt;b__5_0" signature="(string)">
              <lines>
                <line number="79" hits="1" branch="False" />
              </lines>
            </method>
            <method line-rate="1" branch-rate="1" complexity="1" name="&lt;ScanForMaliciousContentAsync_WhenDangerousPatternExistsThenReturnsInvalid&gt;b__7_0" signature="(string)">
              <lines>
                <line number="107" hits="1" branch="False" />
              </lines>
            </method>
            <method line-rate="1" branch-rate="1" complexity="1" name="&lt;ValidateTermsFormatAsync_WhenNoExpectedTermsThenAddsWarning&gt;b__8_0" signature="(string)">
              <lines>
                <line number="121" hits="1" branch="False" />
              </lines>
            </method>
            <method line-rate="1" branch-rate="1" complexity="1" name="&lt;ValidateEquationsFormatAsync_WhenNoLatexMarkersThenAddsWarning&gt;b__9_0" signature="(string)">
              <lines>
                <line number="135" hits="1" branch="False" />
              </lines>
            </method>
          </methods>
          <lines>
            <line number="79" hits="1" branch="False" />
            <line number="107" hits="1" branch="False" />
            <line number="121" hits="1" branch="False" />
            <line number="135" hits="1" branch="False" />
          </lines>
        </class>
        <class line-rate="1" branch-rate="1" complexity="2" name="StudyHelper.Tests.Services.FileValidationServiceTests.&lt;ScanForMaliciousContentAsync_WhenDangerousPatternExistsThenReturnsInvalid&gt;d__7" filename="C:\work2\StudyHelper\StudyHelper.Tests\Services\FileValidationServiceTests.cs">
          <methods>
            <method line-rate="1" branch-rate="1" complexity="2" name="MoveNext" signature="()">
              <lines>
                <line number="98" hits="1" branch="False" />
                <line number="103" hits="1" branch="False" />
                <line number="106" hits="1" branch="False" />
                <line number="107" hits="1" branch="True" condition-coverage="100% (2/2)">
                  <conditions>
                    <condition number="0" type="jump" coverage="100%" />
                  </conditions>
                </line>
                <line number="108" hits="1" branch="False" />
              </lines>
            </method>
          </methods>
          <lines>
            <line number="98" hits="1" branch="False" />
            <line number="103" hits="1" branch="False" />
            <line number="106" hits="1" branch="False" />
            <line number="107" hits="1" branch="True" condition-coverage="100% (2/2)">
              <conditions>
                <condition number="0" type="jump" coverage="100%" />
              </conditions>
            </line>
            <line number="108" hits="1" branch="False" />
          </lines>
        </class>
        <class line-rate="1" branch-rate="1" complexity="2" name="StudyHelper.Tests.Services.FileValidationServiceTests.&lt;ValidateEquationsFormatAsync_WhenNoLatexMarkersThenAddsWarning&gt;d__9" filename="C:\work2\StudyHelper\StudyHelper.Tests\Services\FileValidationServiceTests.cs">
          <methods>
            <method line-rate="1" branch-rate="1" complexity="2" name="MoveNext" signature="()">
              <lines>
                <line number="126" hits="1" branch="False" />
                <line number="131" hits="1" branch="False" />
                <line number="134" hits="1" branch="False" />
                <line number="135" hits="1" branch="True" condition-coverage="100% (2/2)">
                  <conditions>
                    <condition number="0" type="jump" coverage="100%" />
                  </conditions>
                </line>
                <line number="136" hits="1" branch="False" />
              </lines>
            </method>
          </methods>
          <lines>
            <line number="126" hits="1" branch="False" />
            <line number="131" hits="1" branch="False" />
            <line number="134" hits="1" branch="False" />
            <line number="135" hits="1" branch="True" condition-coverage="100% (2/2)">
              <conditions>
                <condition number="0" type="jump" coverage="100%" />
              </conditions>
            </line>
            <line number="136" hits="1" branch="False" />
          </lines>
        </class>
        <class line-rate="1" branch-rate="1" complexity="1" name="StudyHelper.Tests.Services.FileValidationServiceTests.&lt;ValidateMarkdownFileAsync_WhenFileExtensionIsNotMarkdownThenReturnsInvalid&gt;d__1" filename="C:\work2\StudyHelper\StudyHelper.Tests\Services\FileValidationServiceTests.cs">
          <methods>
            <method line-rate="1" branch-rate="1" complexity="1" name="MoveNext" signature="()">
              <lines>
                <line number="13" hits="1" branch="False" />
                <line number="15" hits="1" branch="False" />
                <line number="18" hits="1" branch="False" />
                <line number="21" hits="1" branch="False" />
                <line number="22" hits="1" branch="False" />
                <line number="23" hits="1" branch="False" />
              </lines>
            </method>
          </methods>
          <lines>
            <line number="13" hits="1" branch="False" />
            <line number="15" hits="1" branch="False" />
            <line number="18" hits="1" branch="False" />
            <line number="21" hits="1" branch="False" />
            <line number="22" hits="1" branch="False" />
            <line number="23" hits="1" branch="False" />
          </lines>
        </class>
        <class line-rate="1" branch-rate="1" complexity="1" name="StudyHelper.Tests.Services.FileValidationServiceTests.&lt;ValidateMarkdownFileAsync_WhenFileIsEmptyThenReturnsInvalid&gt;d__2" filename="C:\work2\StudyHelper\StudyHelper.Tests\Services\FileValidationServiceTests.cs">
          <methods>
            <method line-rate="1" branch-rate="1" complexity="1" name="MoveNext" signature="()">
              <lines>
                <line number="27" hits="1" branch="False" />
                <line number="29" hits="1" branch="False" />
                <line number="32" hits="1" branch="False" />
                <line number="35" hits="1" branch="False" />
                <line number="36" hits="1" branch="False" />
                <line number="37" hits="1" branch="False" />
              </lines>
            </method>
          </methods>
          <lines>
            <line number="27" hits="1" branch="False" />
            <line number="29" hits="1" branch="False" />
            <line number="32" hits="1" branch="False" />
            <line number="35" hits="1" branch="False" />
            <line number="36" hits="1" branch="False" />
            <line number="37" hits="1" branch="False" />
          </lines>
        </class>
        <class line-rate="1" branch-rate="1" complexity="1" name="StudyHelper.Tests.Services.FileValidationServiceTests.&lt;ValidateMarkdownFileAsync_WhenFileIsReadableMarkdownThenReturnsValid&gt;d__4" filename="C:\work2\StudyHelper\StudyHelper.Tests\Services\FileValidationServiceTests.cs">
          <methods>
            <method line-rate="1" branch-rate="1" complexity="1" name="MoveNext" signature="()">
              <lines>
                <line number="56" hits="1" branch="False" />
                <line number="58" hits="1" branch="False" />
                <line number="61" hits="1" branch="False" />
                <line number="64" hits="1" branch="False" />
                <line number="65" hits="1" branch="False" />
                <line number="66" hits="1" branch="False" />
              </lines>
            </method>
          </methods>
          <lines>
            <line number="56" hits="1" branch="False" />
            <line number="58" hits="1" branch="False" />
            <line number="61" hits="1" branch="False" />
            <line number="64" hits="1" branch="False" />
            <line number="65" hits="1" branch="False" />
            <line number="66" hits="1" branch="False" />
          </lines>
        </class>
        <class line-rate="1" branch-rate="1" complexity="1" name="StudyHelper.Tests.Services.FileValidationServiceTests.&lt;ValidateMarkdownFileAsync_WhenStreamIsUnreadableThenReturnsInvalid&gt;d__3" filename="C:\work2\StudyHelper\StudyHelper.Tests\Services\FileValidationServiceTests.cs">
          <methods>
            <method line-rate="1" branch-rate="1" complexity="1" name="MoveNext" signature="()">
              <lines>
                <line number="41" hits="1" branch="False" />
                <line number="43" hits="1" branch="False" />
                <line number="44" hits="1" branch="False" />
                <line number="47" hits="1" branch="False" />
                <line number="50" hits="1" branch="False" />
                <line number="51" hits="1" branch="False" />
                <line number="52" hits="1" branch="False" />
              </lines>
            </method>
          </methods>
          <lines>
            <line number="41" hits="1" branch="False" />
            <line number="43" hits="1" branch="False" />
            <line number="44" hits="1" branch="False" />
            <line number="47" hits="1" branch="False" />
            <line number="50" hits="1" branch="False" />
            <line number="51" hits="1" branch="False" />
            <line number="52" hits="1" branch="False" />
          </lines>
        </class>
        <class line-rate="1" branch-rate="1" complexity="2" name="StudyHelper.Tests.Services.FileValidationServiceTests.&lt;ValidatePlainTextAsync_WhenContentContainsNonAsciiThenReturnsInvalid&gt;d__5" filename="C:\work2\StudyHelper\StudyHelper.Tests\Services\FileValidationServiceTests.cs">
          <methods>
            <method line-rate="1" branch-rate="1" complexity="2" name="MoveNext" signature="()">
              <lines>
                <line number="70" hits="1" branch="False" />
                <line number="75" hits="1" branch="False" />
                <line number="78" hits="1" branch="False" />
                <line number="79" hits="1" branch="True" condition-coverage="100% (2/2)">
                  <conditions>
                    <condition number="0" type="jump" coverage="100%" />
                  </conditions>
                </line>
                <line number="80" hits="1" branch="False" />
              </lines>
            </method>
          </methods>
          <lines>
            <line number="70" hits="1" branch="False" />
            <line number="75" hits="1" branch="False" />
            <line number="78" hits="1" branch="False" />
            <line number="79" hits="1" branch="True" condition-coverage="100% (2/2)">
              <conditions>
                <condition number="0" type="jump" coverage="100%" />
              </conditions>
            </line>
            <line number="80" hits="1" branch="False" />
          </lines>
        </class>
        <class line-rate="1" branch-rate="1" complexity="1" name="StudyHelper.Tests.Services.FileValidationServiceTests.&lt;ValidatePlainTextAsync_WhenContentIsAsciiThenReturnsValid&gt;d__6" filename="C:\work2\StudyHelper\StudyHelper.Tests\Services\FileValidationServiceTests.cs">
          <methods>
            <method line-rate="1" branch-rate="1" complexity="1" name="MoveNext" signature="()">
              <lines>
                <line number="84" hits="1" branch="False" />
                <line number="89" hits="1" branch="False" />
                <line number="92" hits="1" branch="False" />
                <line number="93" hits="1" branch="False" />
                <line number="94" hits="1" branch="False" />
              </lines>
            </method>
          </methods>
          <lines>
            <line number="84" hits="1" branch="False" />
            <line number="89" hits="1" branch="False" />
            <line number="92" hits="1" branch="False" />
            <line number="93" hits="1" branch="False" />
            <line number="94" hits="1" branch="False" />
          </lines>
        </class>
        <class line-rate="1" branch-rate="1" complexity="2" name="StudyHelper.Tests.Services.FileValidationServiceTests.&lt;ValidateTermsFormatAsync_WhenNoExpectedTermsThenAddsWarning&gt;d__8" filename="C:\work2\StudyHelper\StudyHelper.Tests\Services\FileValidationServiceTests.cs">
          <methods>
            <method line-rate="1" branch-rate="1" complexity="2" name="MoveNext" signature="()">
              <lines>
                <line number="112" hits="1" branch="False" />
                <line number="117" hits="1" branch="False" />
                <line number="120" hits="1" branch="False" />
                <line number="121" hits="1" branch="True" condition-coverage="100% (2/2)">
                  <conditions>
                    <condition number="0" type="jump" coverage="100%" />
                  </conditions>
                </line>
                <line number="122" hits="1" branch="False" />
              </lines>
            </method>
          </methods>
          <lines>
            <line number="112" hits="1" branch="False" />
            <line number="117" hits="1" branch="False" />
            <line number="120" hits="1" branch="False" />
            <line number="121" hits="1" branch="True" condition-coverage="100% (2/2)">
              <conditions>
                <condition number="0" type="jump" coverage="100%" />
              </conditions>
            </line>
            <line number="122" hits="1" branch="False" />
          </lines>
        </class>
        <class line-rate="1" branch-rate="1" complexity="1" name="StudyHelper.Tests.Services.QuestionGeneratorServiceTests.&lt;&gt;c" filename="C:\work2\StudyHelper\StudyHelper.Tests\Services\QuestionGeneratorServiceTests.cs">
          <methods>
            <method line-rate="1" branch-rate="1" complexity="1" name="&lt;GenerateQuestion_WhenSectionHasSingleBulletThenReturnsMixedDistractorQuestion&gt;b__6_0" signature="(string)">
              <lines>
                <line number="135" hits="1" branch="False" />
              </lines>
            </method>
          </methods>
          <lines>
            <line number="135" hits="1" branch="False" />
          </lines>
        </class>
        <class line-rate="1" branch-rate="1" complexity="1" name="StudyHelper.Tests.Services.QuestionGeneratorServiceTests.&lt;&gt;c__DisplayClass2_0" filename="C:\work2\StudyHelper\StudyHelper.Tests\Services\QuestionGeneratorServiceTests.cs">
          <methods>
            <method line-rate="1" branch-rate="1" complexity="1" name="&lt;GenerateQuestion_WhenSectionsIsEmptyThenThrowsInvalidOperationException&gt;b__0" signature="()">
              <lines>
                <line number="28" hits="1" branch="False" />
              </lines>
            </method>
          </methods>
          <lines>
            <line number="28" hits="1" branch="False" />
          </lines>
        </class>
        <class line-rate="1" branch-rate="1" complexity="1" name="StudyHelper.Tests.Services.QuestionGeneratorServiceTests.&lt;&gt;c__DisplayClass3_0" filename="C:\work2\StudyHelper\StudyHelper.Tests\Services\QuestionGeneratorServiceTests.cs">
          <methods>
            <method line-rate="1" branch-rate="1" complexity="1" name="&lt;GenerateQuestion_WhenNoValidSectionsThenThrowsInvalidOperationException&gt;b__0" signature="()">
              <lines>
                <line number="48" hits="1" branch="False" />
              </lines>
            </method>
          </methods>
          <lines>
            <line number="48" hits="1" branch="False" />
          </lines>
        </class>
      </classes>
    </package>
    <package line-rate="0.08743990384615384" branch-rate="0.0851063829787234" complexity="1229" name="StudyHelper">
      <classes>
        <class line-rate="0" branch-rate="0" complexity="4" name="Program" filename="C:\work2\StudyHelper\StudyHelper\Program.cs">
          <methods>
            <method line-rate="0" branch-rate="0" complexity="4" name="&lt;Main&gt;$" signature="(string[])">
              <lines>
                <line number="4" hits="0" branch="False" />
                <line number="7" hits="0" branch="False" />
                <line number="8" hits="0" branch="False" />
                <line number="11" hits="0" branch="False" />
                <line number="14" hits="0" branch="False" />
                <line number="15" hits="0" branch="False" />
                <line number="30" hits="0" branch="False" />
                <line number="33" hits="0" branch="False" />
                <line number="34" hits="0" branch="False" />
                <line number="37" hits="0" branch="False" />
                <line number="38" hits="0" branch="False" />
                <line number="41" hits="0" branch="False" />
                <line number="42" hits="0" branch="False" />
                <line number="45" hits="0" branch="False" />
                <line number="46" hits="0" branch="False" />
                <line number="49" hits="0" branch="False" />
                <line number="50" hits="0" branch="False" />
                <line number="53" hits="0" branch="False" />
                <line number="64" hits="0" branch="False" />
                <line number="67" hits="0" branch="True" condition-coverage="0% (0/2)">
                  <conditions>
                    <condition number="0" type="jump" coverage="0%" />
                  </conditions>
                </line>
                <line number="69" hits="0" branch="False" />
                <line number="78" hits="0" branch="False" />
                <line number="79" hits="0" branch="False" />
                <line number="84" hits="0" branch="False" />
                <line number="89" hits="0" branch="True" condition-coverage="0% (0/2)">
                  <conditions>
                    <condition number="0" type="jump" coverage="0%" />
                  </conditions>
                </line>
                <line number="90" hits="0" branch="False" />
                <line number="91" hits="0" branch="False" />
                <line number="93" hits="0" branch="False" />
                <line number="94" hits="0" branch="False" />
                <line number="96" hits="0" branch="False" />
                <line number="99" hits="0" branch="False" />
                <line number="101" hits="0" branch="False" />
                <line number="103" hits="0" branch="False" />
                <line number="104" hits="0" branch="False" />
                <line number="106" hits="0" branch="False" />
                <line number="108" hits="0" branch="False" />
                <line number="109" hits="0" branch="False" />
                <line number="110" hits="0" branch="False" />
                <line number="111" hits="0" branch="False" />
                <line number="114" hits="0" branch="False" />
              </lines>
            </method>
          </methods>
          <lines>
            <line number="4" hits="0" branch="False" />
            <line number="7" hits="0" branch="False" />
            <line number="8" hits="0" branch="False" />
            <line number="11" hits="0" branch="False" />
            <line number="14" hits="0" branch="False" />
            <line number="15" hits="0" branch="False" />
            <line number="30" hits="0" branch="False" />
            <line number="33" hits="0" branch="False" />
            <line number="34" hits="0" branch="False" />
            <line number="37" hits="0" branch="False" />
            <line number="38" hits="0" branch="False" />
            <line number="41" hits="0" branch="False" />
            <line number="42" hits="0" branch="False" />
            <line number="45" hits="0" branch="False" />
            <line number="46" hits="0" branch="False" />
            <line number="49" hits="0" branch="False" />
            <line number="50" hits="0" branch="False" />
            <line number="53" hits="0" branch="False" />
            <line number="64" hits="0" branch="False" />
            <line number="67" hits="0" branch="True" condition-coverage="0% (0/2)">
              <conditions>
                <condition number="0" type="jump" coverage="0%" />
              </conditions>
            </line>
            <line number="69" hits="0" branch="False" />
            <line number="78" hits="0" branch="False" />
            <line number="79" hits="0" branch="False" />
            <line number="84" hits="0" branch="False" />
            <line number="89" hits="0" branch="True" condition-coverage="0% (0/2)">
              <conditions>
                <condition number="0" type="jump" coverage="0%" />
              </conditions>
            </line>
            <line number="90" hits="0" branch="False" />
            <line number="91" hits="0" branch="False" />
            <line number="93" hits="0" branch="False" />
            <line number="94" hits="0" branch="False" />
            <line number="96" hits="0" branch="False" />
            <line number="99" hits="0" branch="False" />
            <line number="101" hits="0" branch="False" />
            <line number="103" hits="0" branch="False" />
            <line number="104" hits="0" branch="False" />
            <line number="106" hits="0" branch="False" />
            <line number="108" hits="0" branch="False" />
            <line number="109" hits="0" branch="False" />
            <line number="110" hits="0" branch="False" />
            <line number="111" hits="0" branch="False" />
            <line number="114" hits="0" branch="False" />
          </lines>
        </class>
        <class line-rate="0" branch-rate="0" complexity="4" name="AspNetCoreGeneratedDocument.Views_StudyMaterials_Manage" filename="C:\work2\StudyHelper\StudyHelper\Views\StudyMaterials\Manage.cshtml">
          <methods>
            <method line-rate="0" branch-rate="0" complexity="4" name="FormatFileSize" signature="(long)">
              <lines>
                <line number="245" hits="0" branch="False" />
                <line number="246" hits="0" branch="True" condition-coverage="0% (0/2)">
                  <conditions>
                    <condition number="0" type="jump" coverage="0%" />
                  </conditions>
                </line>
                <line number="247" hits="0" branch="True" condition-coverage="0% (0/2)">
                  <conditions>
                    <condition number="0" type="jump" coverage="0%" />
                  </conditions>
                </line>
                <line number="248" hits="0" branch="False" />
                <line number="249" hits="0" branch="False" />
              </lines>
            </method>
          </methods>
          <lines>
            <line number="245" hits="0" branch="False" />
            <line number="246" hits="0" branch="True" condition-coverage="0% (0/2)">
              <conditions>
                <condition number="0" type="jump" coverage="0%" />
              </conditions>
            </line>
            <line number="247" hits="0" branch="True" condition-coverage="0% (0/2)">
              <conditions>
                <condition number="0" type="jump" coverage="0%" />
              </conditions>
            </line>
            <line number="248" hits="0" branch="False" />
            <line number="249" hits="0" branch="False" />
          </lines>
        </class>
        <class line-rate="0" branch-rate="1" complexity="1" name="System.Text.RegularExpressions.Generated.&lt;RegexGenerator_g&gt;F88F3FEE42744B3B97CF6411D8C7EC0AD8E723A552792C59C26B13D53D8C327FD__LatexEquationPattern_0" filename="C:\work2\StudyHelper\StudyHelper\obj\Debug\net10.0\System.Text.RegularExpressions.Generator\System.Text.RegularExpressions.Generator.RegexGenerator\RegexGenerator.g.cs">
          <methods>
            <method line-rate="0" branch-rate="1" complexity="1" name=".ctor" signature="()">
              <lines>
                <line number="112" hits="0" branch="False" />
                <line number="113" hits="0" branch="False" />
                <line number="114" hits="0" branch="False" />
                <line number="115" hits="0" branch="False" />
                <line number="116" hits="0" branch="False" />
                <line number="117" hits="0" branch="False" />
                <line number="118" hits="0" branch="False" />
                <line number="119" hits="0" branch="False" />
                <line number="120" hits="0" branch="False" />
              </lines>
            </method>
            <method line-rate="0" branch-rate="1" complexity="1" name=".cctor" signature="()">
              <lines>
                <line number="109" hits="0" branch="False" />
              </lines>
            </method>
          </methods>
          <lines>
            <line number="109" hits="0" branch="False" />
            <line number="112" hits="0" branch="False" />
            <line number="113" hits="0" branch="False" />
            <line number="114" hits="0" branch="False" />
            <line number="115" hits="0" branch="False" />
            <line number="116" hits="0" branch="False" />
            <line number="117" hits="0" branch="False" />
            <line number="118" hits="0" branch="False" />
            <line number="119" hits="0" branch="False" />
            <line number="120" hits="0" branch="False" />
          </lines>
        </class>
        <class line-rate="0" branch-rate="1" complexity="1" name="System.Text.RegularExpressions.Generated.&lt;RegexGenerator_g&gt;F88F3FEE42744B3B97CF6411D8C7EC0AD8E723A552792C59C26B13D53D8C327FD__FracPattern_1" filename="C:\work2\StudyHelper\StudyHelper\obj\Debug\net10.0\System.Text.RegularExpressions.Generator\System.Text.RegularExpressions.Generator.RegexGenerator\RegexGenerator.g.cs">
          <methods>
            <method line-rate="0" branch-rate="1" complexity="1" name=".ctor" signature="()">
              <lines>
                <line number="278" hits="0" branch="False" />
                <line number="279" hits="0" branch="False" />
                <line number="280" hits="0" branch="False" />
                <line number="281" hits="0" branch="False" />
                <line number="282" hits="0" branch="False" />
                <line number="283" hits="0" branch="False" />
                <line number="284" hits="0" branch="False" />
                <line number="285" hits="0" branch="False" />
                <line number="286" hits="0" branch="False" />
              </lines>
            </method>
            <method line-rate="0" branch-rate="1" complexity="1" name=".cctor" signature="()">
              <lines>
                <line number="275" hits="0" branch="False" />
              </lines>
            </method>
          </methods>
          <lines>
            <line number="275" hits="0" branch="False" />
            <line number="278" hits="0" branch="False" />
            <line number="279" hits="0" branch="False" />
            <line number="280" hits="0" branch="False" />
            <line number="281" hits="0" branch="False" />
            <line number="282" hits="0" branch="False" />
            <line number="283" hits="0" branch="False" />
            <line number="284" hits="0" branch="False" />
            <line number="285" hits="0" branch="False" />
            <line number="286" hits="0" branch="False" />
          </lines>
        </class>
        <class line-rate="0" branch-rate="1" complexity="1" name="System.Text.RegularExpressions.Generated.&lt;RegexGenerator_g&gt;F88F3FEE42744B3B97CF6411D8C7EC0AD8E723A552792C59C26B13D53D8C327FD__TextPattern_2" filename="C:\work2\StudyHelper\StudyHelper\obj\Debug\net10.0\System.Text.RegularExpressions.Generator\System.Text.RegularExpressions.Generator.RegexGenerator\RegexGenerator.g.cs">
          <methods>
            <method line-rate="0" branch-rate="1" complexity="1" name=".ctor" signature="()">
              <lines>
                <line number="454" hits="0" branch="False" />
                <line number="455" hits="0" branch="False" />
                <line number="456" hits="0" branch="False" />
                <line number="457" hits="0" branch="False" />
                <line number="458" hits="0" branch="False" />
                <line number="459" hits="0" branch="False" />
                <line number="460" hits="0" branch="False" />
                <line number="461" hits="0" branch="False" />
                <line number="462" hits="0" branch="False" />
              </lines>
            </method>
            <method line-rate="0" branch-rate="1" complexity="1" name=".cctor" signature="()">
              <lines>
                <line number="451" hits="0" branch="False" />
              </lines>
            </method>
          </methods>
          <lines>
            <line number="451" hits="0" branch="False" />
            <line number="454" hits="0" branch="False" />
            <line number="455" hits="0" branch="False" />
            <line number="456" hits="0" branch="False" />
            <line number="457" hits="0" branch="False" />
            <line number="458" hits="0" branch="False" />
            <line number="459" hits="0" branch="False" />
            <line number="460" hits="0" branch="False" />
            <line number="461" hits="0" branch="False" />
            <line number="462" hits="0" branch="False" />
          </lines>
        </class>
        <class line-rate="0" branch-rate="1" complexity="1" name="System.Text.RegularExpressions.Generated.&lt;RegexGenerator_g&gt;F88F3FEE42744B3B97CF6411D8C7EC0AD8E723A552792C59C26B13D53D8C327FD__SourceTagPattern_3" filename="C:\work2\StudyHelper\StudyHelper\obj\Debug\net10.0\System.Text.RegularExpressions.Generator\System.Text.RegularExpressions.Generator.RegexGenerator\RegexGenerator.g.cs">
          <methods>
            <method line-rate="0" branch-rate="1" complexity="1" name=".ctor" signature="()">
              <lines>
                <line number="595" hits="0" branch="False" />
                <line number="596" hits="0" branch="False" />
                <line number="597" hits="0" branch="False" />
                <line number="598" hits="0" branch="False" />
                <line number="599" hits="0" branch="False" />
                <line number="600" hits="0" branch="False" />
                <line number="601" hits="0" branch="False" />
                <line number="602" hits="0" branch="False" />
                <line number="603" hits="0" branch="False" />
              </lines>
            </method>
            <method line-rate="0" branch-rate="1" complexity="1" name=".cctor" signature="()">
              <lines>
                <line number="592" hits="0" branch="False" />
              </lines>
            </method>
          </methods>
          <lines>
            <line number="592" hits="0" branch="False" />
            <line number="595" hits="0" branch="False" />
            <line number="596" hits="0" branch="False" />
            <line number="597" hits="0" branch="False" />
            <line number="598" hits="0" branch="False" />
            <line number="599" hits="0" branch="False" />
            <line number="600" hits="0" branch="False" />
            <line number="601" hits="0" branch="False" />
            <line number="602" hits="0" branch="False" />
            <line number="603" hits="0" branch="False" />
          </lines>
        </class>
        <class line-rate="0" branch-rate="0" complexity="2" name="System.Text.RegularExpressions.Generated.&lt;RegexGenerator_g&gt;F88F3FEE42744B3B97CF6411D8C7EC0AD8E723A552792C59C26B13D53D8C327FD__Utilities" filename="C:\work2\StudyHelper\StudyHelper\obj\Debug\net10.0\System.Text.RegularExpressions.Generator\System.Text.RegularExpressions.Generator.RegexGenerator\RegexGenerator.g.cs">
          <methods>
            <method line-rate="0" branch-rate="0" complexity="2" name=".cctor" signature="()">
              <lines>
                <line number="755" hits="0" branch="True" condition-coverage="0% (0/2)">
                  <conditions>
                    <condition number="0" type="jump" coverage="0%" />
                  </conditions>
                </line>
                <line number="758" hits="0" branch="False" />
                <line number="761" hits="0" branch="False" />
                <line number="764" hits="0" branch="False" />
                <line number="767" hits="0" branch="False" />
                <line number="770" hits="0" branch="False" />
              </lines>
            </method>
          </methods>
          <lines>
            <line number="755" hits="0" branch="True" condition-coverage="0% (0/2)">
              <conditions>
                <condition number="0" type="jump" coverage="0%" />
              </conditions>
            </line>
            <line number="758" hits="0" branch="False" />
            <line number="761" hits="0" branch="False" />
            <line number="764" hits="0" branch="False" />
            <line number="767" hits="0" branch="False" />
            <line number="770" hits="0" branch="False" />
          </lines>
        </class>
        <class line-rate="0" branch-rate="1" complexity="1" name="StudyHelper.ViewModels.ExerciseProblemViewModel" filename="C:\work2\StudyHelper\StudyHelper\ViewModels\ExerciseProblemViewModel.cs">
          <methods>
            <method line-rate="0" branch-rate="1" complexity="1" name=".ctor" signature="()">
              <lines>
                <line number="11" hits="0" branch="False" />
                <line number="16" hits="0" branch="False" />
                <line number="21" hits="0" branch="False" />
                <line number="26" hits="0" branch="False" />
                <line number="31" hits="0" branch="False" />
              </lines>
            </method>
          </methods>
          <lines>
            <line number="11" hits="0" branch="False" />
            <line number="16" hits="0" branch="False" />
            <line number="21" hits="0" branch="False" />
            <line number="26" hits="0" branch="False" />
            <line number="31" hits="0" branch="False" />
          </lines>
        </class>
        <class line-rate="0" branch-rate="1" complexity="1" name="StudyHelper.ViewModels.ExerciseResultViewModel" filename="C:\work2\StudyHelper\StudyHelper\ViewModels\ExerciseResultViewModel.cs">
          <methods>
            <method line-rate="0" branch-rate="1" complexity="1" name=".ctor" signature="()">
              <lines>
                <line number="26" hits="0" branch="False" />
                <line number="31" hits="0" branch="False" />
                <line number="36" hits="0" branch="False" />
                <line number="41" hits="0" branch="False" />
                <line number="46" hits="0" branch="False" />
              </lines>
            </method>
          </methods>
          <lines>
            <line number="26" hits="0" branch="False" />
            <line number="31" hits="0" branch="False" />
            <line number="36" hits="0" branch="False" />
            <line number="41" hits="0" branch="False" />
            <line number="46" hits="0" branch="False" />
          </lines>
        </class>
        <class line-rate="0" branch-rate="0" complexity="4" name="StudyHelper.ViewModels.ManageStudyMaterialsViewModel" filename="C:\work2\StudyHelper\StudyHelper\ViewModels\ManageStudyMaterialsViewModel.cs">
          <methods>
            <method line-rate="0" branch-rate="0" complexity="2" name="get_TermsMaterial" signature="()">
              <lines>
                <line number="15" hits="0" branch="True" condition-coverage="0% (0/2)">
                  <conditions>
                    <condition number="0" type="jump" coverage="0%" />
                  </conditions>
                </line>
              </lines>
            </method>
            <method line-rate="0" branch-rate="0" complexity="2" name="get_EquationsMaterial" signature="()">
              <lines>
                <line number="18" hits="0" branch="True" condition-coverage="0% (0/2)">
                  <conditions>
                    <condition number="0" type="jump" coverage="0%" />
                  </conditions>
                </line>
              </lines>
            </method>
            <method line-rate="0" branch-rate="1" complexity="1" name=".ctor" signature="()">
              <lines>
                <line number="10" hits="0" branch="False" />
              </lines>
            </method>
          </methods>
          <lines>
            <line number="10" hits="0" branch="False" />
            <line number="15" hits="0" branch="True" condition-coverage="0% (0/2)">
              <conditions>
                <condition number="0" type="jump" coverage="0%" />
              </conditions>
            </line>
            <line number="18" hits="0" branch="True" condition-coverage="0% (0/2)">
              <conditions>
                <condition number="0" type="jump" coverage="0%" />
              </conditions>
            </line>
          </lines>
        </class>
        <class line-rate="0" branch-rate="1" complexity="1" name="StudyHelper.ViewModels.QuizQuestionViewModel" filename="C:\work2\StudyHelper\StudyHelper\ViewModels\QuizQuestionViewModel.cs">
          <methods>
            <method line-rate="0" branch-rate="1" complexity="1" name=".ctor" signature="()">
              <lines>
                <line number="11" hits="0" branch="False" />
                <line number="16" hits="0" branch="False" />
                <line number="21" hits="0" branch="False" />
                <line number="26" hits="0" branch="False" />
              </lines>
            </method>
          </methods>
          <lines>
            <line number="11" hits="0" branch="False" />
            <line number="16" hits="0" branch="False" />
            <line number="21" hits="0" branch="False" />
            <line number="26" hits="0" branch="False" />
          </lines>
        </class>
        <class line-rate="0" branch-rate="1" complexity="1" name="StudyHelper.ViewModels.QuizResultViewModel" filename="C:\work2\StudyHelper\StudyHelper\ViewModels\QuizResultViewModel.cs">
          <methods>
            <method line-rate="0" branch-rate="1" complexity="1" name=".ctor" signature="()">
              <lines>
                <line number="16" hits="0" branch="False" />
                <line number="21" hits="0" branch="False" />
                <line number="26" hits="0" branch="False" />
                <line number="31" hits="0" branch="False" />
                <line number="36" hits="0" branch="False" />
                <line number="41" hits="0" branch="False" />
              </lines>
            </method>
          </methods>
          <lines>
            <line number="16" hits="0" branch="False" />
            <line number="21" hits="0" branch="False" />
            <line number="26" hits="0" branch="False" />
            <line number="31" hits="0" branch="False" />
            <line number="36" hits="0" branch="False" />
            <line number="41" hits="0" branch="False" />
          </lines>
        </class>
        <class line-rate="0" branch-rate="0" complexity="6" name="StudyHelper.Services.EncryptionService" filename="C:\work2\StudyHelper\StudyHelper\Services\EncryptionService.cs">
          <methods>
            <method line-rate="0" branch-rate="0" complexity="4" name=".ctor" signature="(Microsoft.Extensions.Configuration.IConfiguration, Microsoft.Extensions.Logging.ILogger&lt;StudyHelper.Services.EncryptionService&gt;)">
              <lines>
                <line number="11" hits="0" branch="False" />
                <line number="12" hits="0" branch="False" />
                <line number="13" hits="0" branch="False" />
                <line number="14" hits="0" branch="False" />
                <line number="16" hits="0" branch="False" />
                <line number="18" hits="0" branch="False" />
                <line number="19" hits="0" branch="True" condition-coverage="0% (0/2)">
                  <conditions>
                    <condition number="0" type="jump" coverage="0%" />
                  </conditions>
                </line>
                <line number="20" hits="0" branch="False" />
                <line number="21" hits="0" branch="False" />
                <line number="22" hits="0" branch="False" />
                <line number="23" hits="0" branch="False" />
                <line number="25" hits="0" branch="False" />
                <line number="27" hits="0" branch="False" />
                <line number="28" hits="0" branch="False" />
                <line number="29" hits="0" branch="True" condition-coverage="0% (0/2)">
                  <conditions>
                    <condition number="0" type="jump" coverage="0%" />
                  </conditions>
                </line>
                <line number="30" hits="0" branch="False" />
                <line number="31" hits="0" branch="False" />
                <line number="33" hits="0" branch="False" />
                <line number="34" hits="0" branch="False" />
                <line number="35" hits="0" branch="False" />
                <line number="36" hits="0" branch="False" />
                <line number="37" hits="0" branch="False" />
                <line number="39" hits="0" branch="False" />
                <line number="40" hits="0" branch="False" />
              </lines>
            </method>
            <method line-rate="0" branch-rate="1" complexity="1" name="Encrypt" signature="(string)">
              <lines>
                <line number="43" hits="0" branch="False" />
                <line number="44" hits="0" branch="False" />
                <line number="47" hits="0" branch="False" />
                <line number="48" hits="0" branch="False" />
                <line number="50" hits="0" branch="False" />
                <line number="51" hits="0" branch="False" />
                <line number="52" hits="0" branch="False" />
                <line number="53" hits="0" branch="False" />
                <line number="55" hits="0" branch="False" />
                <line number="58" hits="0" branch="False" />
                <line number="59" hits="0" branch="False" />
                <line number="60" hits="0" branch="False" />
                <line number="61" hits="0" branch="False" />
                <line number="63" hits="0" branch="False" />
                <line number="65" hits="0" branch="False" />
                <line number="66" hits="0" branch="False" />
                <line number="67" hits="0" branch="False" />
                <line number="68" hits="0" branch="False" />
                <line number="70" hits="0" branch="False" />
              </lines>
            </method>
            <method line-rate="0" branch-rate="0" complexity="2" name="Decrypt" signature="(byte[])">
              <lines>
                <line number="73" hits="0" branch="False" />
                <line number="74" hits="0" branch="False" />
                <line number="77" hits="0" branch="False" />
                <line number="78" hits="0" branch="False" />
                <line number="80" hits="0" branch="False" />
                <line number="81" hits="0" branch="False" />
                <line number="83" hits="0" branch="True" condition-coverage="0% (0/2)">
                  <conditions>
                    <condition number="0" type="jump" coverage="0%" />
                  </conditions>
                </line>
                <line number="84" hits="0" branch="False" />
                <line number="85" hits="0" branch="False" />
                <line number="88" hits="0" branch="False" />
                <line number="89" hits="0" branch="False" />
                <line number="90" hits="0" branch="False" />
                <line number="92" hits="0" branch="False" />
                <line number="93" hits="0" branch="False" />
                <line number="94" hits="0" branch="False" />
                <line number="96" hits="0" branch="False" />
                <line number="97" hits="0" branch="False" />
                <line number="99" hits="0" branch="False" />
                <line number="101" hits="0" branch="False" />
                <line number="102" hits="0" branch="False" />
                <line number="103" hits="0" branch="False" />
                <line number="104" hits="0" branch="False" />
                <line number="106" hits="0" branch="False" />
              </lines>
            </method>
          </methods>
          <lines>
            <line number="11" hits="0" branch="False" />
            <line number="12" hits="0" branch="False" />
            <line number="13" hits="0" branch="False" />
            <line number="14" hits="0" branch="False" />
            <line number="16" hits="0" branch="False" />
            <line number="18" hits="0" branch="False" />
            <line number="19" hits="0" branch="True" condition-coverage="0% (0/2)">
              <conditions>
                <condition number="0" type="jump" coverage="0%" />
              </conditions>
            </line>
            <line number="20" hits="0" branch="False" />
            <line number="21" hits="0" branch="False" />
            <line number="22" hits="0" branch="False" />
            <line number="23" hits="0" branch="False" />
            <line number="25" hits="0" branch="False" />
            <line number="27" hits="0" branch="False" />
            <line number="28" hits="0" branch="False" />
            <line number="29" hits="0" branch="True" condition-coverage="0% (0/2)">
              <conditions>
                <condition number="0" type="jump" coverage="0%" />
              </conditions>
            </line>
            <line number="30" hits="0" branch="False" />
            <line number="31" hits="0" branch="False" />
            <line number="33" hits="0" branch="False" />
            <line number="34" hits="0" branch="False" />
            <line number="35" hits="0" branch="False" />
            <line number="36" hits="0" branch="False" />
            <line number="37" hits="0" branch="False" />
            <line number="39" hits="0" branch="False" />
            <line number="40" hits="0" branch="False" />
            <line number="43" hits="0" branch="False" />
            <line number="44" hits="0" branch="False" />
            <line number="47" hits="0" branch="False" />
            <line number="48" hits="0" branch="False" />
            <line number="50" hits="0" branch="False" />
            <line number="51" hits="0" branch="False" />
            <line number="52" hits="0" branch="False" />
            <line number="53" hits="0" branch="False" />
            <line number="55" hits="0" branch="False" />
            <line number="58" hits="0" branch="False" />
            <line number="59" hits="0" branch="False" />
            <line number="60" hits="0" branch="False" />
            <line number="61" hits="0" branch="False" />
            <line number="63" hits="0" branch="False" />
            <line number="65" hits="0" branch="False" />
            <line number="66" hits="0" branch="False" />
            <line number="67" hits="0" branch="False" />
            <line number="68" hits="0" branch="False" />
            <line number="70" hits="0" branch="False" />
            <line number="73" hits="0" branch="False" />
            <line number="74" hits="0" branch="False" />
            <line number="77" hits="0" branch="False" />
            <line number="78" hits="0" branch="False" />
            <line number="80" hits="0" branch="False" />
            <line number="81" hits="0" branch="False" />
            <line number="83" hits="0" branch="True" condition-coverage="0% (0/2)">
              <conditions>
                <condition number="0" type="jump" coverage="0%" />
              </conditions>
            </line>
            <line number="84" hits="0" branch="False" />
            <line number="85" hits="0" branch="False" />
            <line number="88" hits="0" branch="False" />
            <line number="89" hits="0" branch="False" />
            <line number="90" hits="0" branch="False" />
            <line number="92" hits="0" branch="False" />
            <line number="93" hits="0" branch="False" />
            <line number="94" hits="0" branch="False" />
            <line number="96" hits="0" branch="False" />
            <line number="97" hits="0" branch="False" />
            <line number="99" hits="0" branch="False" />
            <line number="101" hits="0" branch="False" />
            <line number="102" hits="0" branch="False" />
            <line number="103" hits="0" branch="False" />
            <line number="104" hits="0" branch="False" />
            <line number="106" hits="0" branch="False" />
          </lines>
        </class>
        <class line-rate="0" branch-rate="0" complexity="16" name="StudyHelper.Services.EquationFlashcardParserService" filename="C:\work2\StudyHelper\StudyHelper\Services\EquationFlashcardParserService.cs">
          <methods>
            <method line-rate="0" branch-rate="0" complexity="8" name=".ctor" signature="(Microsoft.Extensions.Logging.ILogger&lt;StudyHelper.Services.EquationFlashcardParserService&gt;, StudyHelper.Services.IUserStudyMaterialService, Microsoft.Extensions.Configuration.IConfiguration, Microsoft.AspNetCore.Hosting.IWebHostEnvironment)">
              <lines>
                <line number="15" hits="0" branch="False" />
                <line number="16" hits="0" branch="False" />
                <line number="17" hits="0" branch="False" />
                <line number="18" hits="0" branch="False" />
                <line number="19" hits="0" branch="False" />
                <line number="20" hits="0" branch="False" />
                <line number="21" hits="0" branch="True" condition-coverage="0% (0/2)">
                  <conditions>
                    <condition number="0" type="jump" coverage="0%" />
                  </conditions>
                </line>
                <line number="22" hits="0" branch="True" condition-coverage="0% (0/2)">
                  <conditions>
                    <condition number="0" type="jump" coverage="0%" />
                  </conditions>
                </line>
                <line number="23" hits="0" branch="True" condition-coverage="0% (0/2)">
                  <conditions>
                    <condition number="0" type="jump" coverage="0%" />
                  </conditions>
                </line>
                <line number="24" hits="0" branch="True" condition-coverage="0% (0/2)">
                  <conditions>
                    <condition number="0" type="jump" coverage="0%" />
                  </conditions>
                </line>
                <line number="25" hits="0" branch="False" />
              </lines>
            </method>
            <method line-rate="0" branch-rate="0" complexity="8" name="TryCreateEquation" signature="(string, string, string)">
              <lines>
                <line number="158" hits="0" branch="False" />
                <line number="160" hits="0" branch="False" />
                <line number="161" hits="0" branch="True" condition-coverage="0% (0/4)">
                  <conditions>
                    <condition number="0" type="jump" coverage="0%" />
                    <condition number="1" type="jump" coverage="0%" />
                  </conditions>
                </line>
                <line number="162" hits="0" branch="False" />
                <line number="163" hits="0" branch="False" />
                <line number="164" hits="0" branch="False" />
                <line number="165" hits="0" branch="False" />
                <line number="166" hits="0" branch="False" />
                <line number="170" hits="0" branch="False" />
                <line number="171" hits="0" branch="False" />
                <line number="174" hits="0" branch="True" condition-coverage="0% (0/4)">
                  <conditions>
                    <condition number="0" type="jump" coverage="0%" />
                    <condition number="1" type="jump" coverage="0%" />
                  </conditions>
                </line>
                <line number="175" hits="0" branch="False" />
                <line number="176" hits="0" branch="False" />
                <line number="177" hits="0" branch="False" />
                <line number="178" hits="0" branch="False" />
                <line number="179" hits="0" branch="False" />
                <line number="182" hits="0" branch="False" />
                <line number="183" hits="0" branch="False" />
                <line number="184" hits="0" branch="False" />
                <line number="185" hits="0" branch="False" />
                <line number="186" hits="0" branch="False" />
                <line number="187" hits="0" branch="False" />
                <line number="188" hits="0" branch="False" />
                <line number="189" hits="0" branch="False" />
              </lines>
            </method>
          </methods>
          <lines>
            <line number="15" hits="0" branch="False" />
            <line number="16" hits="0" branch="False" />
            <line number="17" hits="0" branch="False" />
            <line number="18" hits="0" branch="False" />
            <line number="19" hits="0" branch="False" />
            <line number="20" hits="0" branch="False" />
            <line number="21" hits="0" branch="True" condition-coverage="0% (0/2)">
              <conditions>
                <condition number="0" type="jump" coverage="0%" />
              </conditions>
            </line>
            <line number="22" hits="0" branch="True" condition-coverage="0% (0/2)">
              <conditions>
                <condition number="0" type="jump" coverage="0%" />
              </conditions>
            </line>
            <line number="23" hits="0" branch="True" condition-coverage="0% (0/2)">
              <conditions>
                <condition number="0" type="jump" coverage="0%" />
              </conditions>
            </line>
            <line number="24" hits="0" branch="True" condition-coverage="0% (0/2)">
              <conditions>
                <condition number="0" type="jump" coverage="0%" />
              </conditions>
            </line>
            <line number="25" hits="0" branch="False" />
            <line number="158" hits="0" branch="False" />
            <line number="160" hits="0" branch="False" />
            <line number="161" hits="0" branch="True" condition-coverage="0% (0/4)">
              <conditions>
                <condition number="0" type="jump" coverage="0%" />
                <condition number="1" type="jump" coverage="0%" />
              </conditions>
            </line>
            <line number="162" hits="0" branch="False" />
            <line number="163" hits="0" branch="False" />
            <line number="164" hits="0" branch="False" />
            <line number="165" hits="0" branch="False" />
            <line number="166" hits="0" branch="False" />
            <line number="170" hits="0" branch="False" />
            <line number="171" hits="0" branch="False" />
            <line number="174" hits="0" branch="True" condition-coverage="0% (0/4)">
              <conditions>
                <condition number="0" type="jump" coverage="0%" />
                <condition number="1" type="jump" coverage="0%" />
              </conditions>
            </line>
            <line number="175" hits="0" branch="False" />
            <line number="176" hits="0" branch="False" />
            <line number="177" hits="0" branch="False" />
            <line number="178" hits="0" branch="False" />
            <line number="179" hits="0" branch="False" />
            <line number="182" hits="0" branch="False" />
            <line number="183" hits="0" branch="False" />
            <line number="184" hits="0" branch="False" />
            <line number="185" hits="0" branch="False" />
            <line number="186" hits="0" branch="False" />
            <line number="187" hits="0" branch="False" />
            <line number="188" hits="0" branch="False" />
            <line number="189" hits="0" branch="False" />
          </lines>
        </class>
        <class line-rate="0" branch-rate="1" complexity="1" name="StudyHelper.Services.EquationParserService" filename="C:\work2\StudyHelper\StudyHelper\obj\Debug\net10.0\System.Text.RegularExpressions.Generator\System.Text.RegularExpressions.Generator.RegexGenerator\RegexGenerator.g.cs">
          <methods>
            <method line-rate="0" branch-rate="1" complexity="1" name="LatexEquationPattern" signature="()">
              <lines>
                <line number="23" hits="0" branch="False" />
              </lines>
            </method>
            <method line-rate="0" branch-rate="1" complexity="1" name="FracPattern" signature="()">
              <lines>
                <line number="46" hits="0" branch="False" />
              </lines>
            </method>
            <method line-rate="0" branch-rate="1" complexity="1" name="TextPattern" signature="()">
              <lines>
                <line number="66" hits="0" branch="False" />
              </lines>
            </method>
            <method line-rate="0" branch-rate="1" complexity="1" name="SourceTagPattern" signature="()">
              <lines>
                <line number="88" hits="0" branch="False" />
              </lines>
            </method>
          </methods>
          <lines>
            <line number="23" hits="0" branch="False" />
            <line number="46" hits="0" branch="False" />
            <line number="66" hits="0" branch="False" />
            <line number="88" hits="0" branch="False" />
          </lines>
        </class>
        <class line-rate="0" branch-rate="0" complexity="180" name="StudyHelper.Services.EquationParserService" filename="C:\work2\StudyHelper\StudyHelper\Services\EquationParserService.cs">
          <methods>
            <method line-rate="0" branch-rate="0" complexity="2" name=".ctor" signature="(Microsoft.Extensions.Caching.Memory.IMemoryCache, Microsoft.Extensions.Logging.ILogger&lt;StudyHelper.Services.EquationParserService&gt;, Microsoft.AspNetCore.Hosting.IWebHostEnvironment, Microsoft.Extensions.Configuration.IConfiguration, StudyHelper.Services.IUserStudyMaterialService)">
              <lines>
                <line number="35" hits="0" branch="False" />
                <line number="36" hits="0" branch="False" />
                <line number="37" hits="0" branch="False" />
                <line number="38" hits="0" branch="False" />
                <line number="39" hits="0" branch="False" />
                <line number="40" hits="0" branch="False" />
                <line number="41" hits="0" branch="False" />
                <line number="42" hits="0" branch="False" />
                <line number="43" hits="0" branch="False" />
                <line number="44" hits="0" branch="False" />
                <line number="45" hits="0" branch="False" />
                <line number="46" hits="0" branch="True" condition-coverage="0% (0/2)">
                  <conditions>
                    <condition number="0" type="jump" coverage="0%" />
                  </conditions>
                </line>
                <line number="47" hits="0" branch="False" />
              </lines>
            </method>
            <method line-rate="0" branch-rate="0" complexity="44" name="ParseMarkdownContent" signature="(string)">
              <lines>
                <line number="123" hits="0" branch="False" />
                <line number="124" hits="0" branch="False" />
                <line number="125" hits="0" branch="False" />
                <line number="126" hits="0" branch="False" />
                <line number="127" hits="0" branch="False" />
                <line number="129" hits="0" branch="True" condition-coverage="0% (0/2)">
                  <conditions>
                    <condition number="0" type="jump" coverage="0%" />
                  </conditions>
                </line>
                <line number="130" hits="0" branch="False" />
                <line number="131" hits="0" branch="False" />
                <line number="134" hits="0" branch="True" condition-coverage="0% (0/4)">
                  <conditions>
                    <condition number="0" type="jump" coverage="0%" />
                    <condition number="1" type="jump" coverage="0%" />
                  </conditions>
                </line>
                <line number="135" hits="0" branch="False" />
                <line number="136" hits="0" branch="False" />
                <line number="137" hits="0" branch="False" />
                <line number="138" hits="0" branch="False" />
                <line number="141" hits="0" branch="False" />
                <line number="142" hits="0" branch="True" condition-coverage="0% (0/2)">
                  <conditions>
                    <condition number="0" type="jump" coverage="0%" />
                  </conditions>
                </line>
                <line number="143" hits="0" branch="False" />
                <line number="144" hits="0" branch="False" />
                <line number="145" hits="0" branch="False" />
                <line number="148" hits="0" branch="True" condition-coverage="0% (0/6)">
                  <conditions>
                    <condition number="0" type="jump" coverage="0%" />
                    <condition number="1" type="jump" coverage="0%" />
                    <condition number="2" type="jump" coverage="0%" />
                  </conditions>
                </line>
                <line number="149" hits="0" branch="False" />
                <line number="150" hits="0" branch="False" />
                <line number="151" hits="0" branch="False" />
                <line number="153" hits="0" branch="True" condition-coverage="0% (0/2)">
                  <conditions>
                    <condition number="0" type="jump" coverage="0%" />
                  </conditions>
                </line>
[...]
                <line number="681" hits="0" branch="True" condition-coverage="0% (0/2)">
                  <conditions>
                    <condition number="0" type="jump" coverage="0%" />
                  </conditions>
                </line>
                <line number="682" hits="0" branch="False" />
                <line number="683" hits="0" branch="False" />
                <line number="684" hits="0" branch="False" />
                <line number="687" hits="0" branch="True" condition-coverage="0% (0/4)">
                  <conditions>
                    <condition number="0" type="jump" coverage="0%" />
                    <condition number="1" type="jump" coverage="0%" />
                  </conditions>
                </line>
                <line number="691" hits="0" branch="True" condition-coverage="0% (0/2)">
                  <conditions>
                    <condition number="0" type="jump" coverage="0%" />
                  </conditions>
                </line>
                <line number="692" hits="0" branch="False" />
                <line number="693" hits="0" branch="False" />
                <line number="694" hits="0" branch="False" />
                <line number="697" hits="0" branch="False" />
                <line number="698" hits="0" branch="False" />
                <line number="699" hits="0" branch="False" />
                <line number="703" hits="0" branch="True" condition-coverage="0% (0/2)">
                  <conditions>
                    <condition number="0" type="jump" coverage="0%" />
                  </conditions>
                </line>
                <line number="704" hits="0" branch="False" />
                <line number="705" hits="0" branch="False" />
                <line number="706" hits="0" branch="False" />
                <line number="709" hits="0" branch="False" />
                <line number="710" hits="0" branch="False" />
                <line number="711" hits="0" branch="False" />
                <line number="714" hits="0" branch="False" />
                <line number="715" hits="0" branch="False" />
                <line number="719" hits="0" branch="False" />
                <line number="723" hits="0" branch="True" condition-coverage="0% (0/2)">
                  <conditions>
                    <condition number="0" type="jump" coverage="0%" />
                  </conditions>
                </line>
                <line number="724" hits="0" branch="False" />
                <line number="725" hits="0" branch="False" />
                <line number="726" hits="0" branch="False" />
                <line number="730" hits="0" branch="False" />
                <line number="731" hits="0" branch="False" />
                <line number="732" hits="0" branch="False" />
                <line number="733" hits="0" branch="False" />
                <line number="744" hits="0" branch="False" />
              </lines>
            </method>
            <method line-rate="0" branch-rate="0" complexity="2" name="&lt;TryMatchAtCurrentPosition&gt;g__UncaptureUntil|2_0" signature="(int)">
              <lines>
                <line number="738" hits="0" branch="False" />
                <line number="739" hits="0" branch="True" condition-coverage="0% (0/2)">
                  <conditions>
                    <condition number="0" type="jump" coverage="0%" />
                  </conditions>
                </line>
                <line number="740" hits="0" branch="False" />
                <line number="741" hits="0" branch="False" />
                <line number="742" hits="0" branch="False" />
                <line number="743" hits="0" branch="False" />
              </lines>
            </method>
          </methods>
          <lines>
            <line number="617" hits="0" branch="False" />
            <line number="619" hits="0" branch="True" condition-coverage="0% (0/6)">
              <conditions>
                <condition number="0" type="jump" coverage="0%" />
                <condition number="1" type="jump" coverage="0%" />
                <condition number="2" type="jump" coverage="0%" />
              </conditions>
            </line>
            <line number="620" hits="0" branch="False" />
            <line number="621" hits="0" branch="False" />
            <line number="622" hits="0" branch="False" />
            <line number="623" hits="0" branch="False" />
            <line number="624" hits="0" branch="True" condition-coverage="0% (0/2)">
              <conditions>
                <condition number="0" type="jump" coverage="0%" />
              </conditions>
            </line>
            <line number="625" hits="0" branch="False" />
            <line number="626" hits="0" branch="False" />
            <line number="627" hits="0" branch="False" />
            <line number="628" hits="0" branch="False" />
            <line number="629" hits="0" branch="False" />
            <line number="635" hits="0" branch="False" />
            <line number="636" hits="0" branch="False" />
            <line number="639" hits="0" branch="True" condition-coverage="0% (0/2)">
              <conditions>
                <condition number="0" type="jump" coverage="0%" />
              </conditions>
            </line>
            <line number="640" hits="0" branch="False" />
            <line number="643" hits="0" branch="False" />
            <line number="644" hits="0" branch="True" condition-coverage="0% (0/2)">
              <conditions>
                <condition number="0" type="jump" coverage="0%" />
              </conditions>
            </line>
            <line number="645" hits="0" branch="False" />
            <line number="646" hits="0" branch="False" />
            <line number="647" hits="0" branch="False" />
            <line number="649" hits="0" branch="False" />
            <line number="652" hits="0" branch="False" />
            <line number="653" hits="0" branch="False" />
            <line number="654" hits="0" branch="False" />
            <line number="660" hits="0" branch="False" />
            <line number="661" hits="0" branch="False" />
            <line number="662" hits="0" branch="False" />
            <line number="663" hits="0" branch="False" />
            <line number="664" hits="0" branch="False" />
            <line number="667" hits="0" branch="True" condition-coverage="0% (0/2)">
              <conditions>
                <condition number="0" type="jump" coverage="0%" />
              </conditions>
            </line>
            <line number="668" hits="0" branch="False" />
            <line number="669" hits="0" branch="False" />
            <line number="670" hits="0" branch="False" />
            <line number="675" hits="0" branch="False" />
            <line number="676" hits="0" branch="False" />
            <line number="677" hits="0" branch="False" />
            <line number="681" hits="0" branch="True" condition-coverage="0% (0/2)">
              <conditions>
                <condition number="0" type="jump" coverage="0%" />
              </conditions>
            </line>
            <line number="682" hits="0" branch="False" />
            <line number="683" hits="0" branch="False" />
            <line number="684" hits="0" branch="False" />
            <line number="687" hits="0" branch="True" condition-coverage="0% (0/4)">
              <conditions>
                <condition number="0" type="jump" coverage="0%" />
                <condition number="1" type="jump" coverage="0%" />
              </conditions>
            </line>
            <line number="691" hits="0" branch="True" condition-coverage="0% (0/2)">
              <conditions>
                <condition number="0" type="jump" coverage="0%" />
              </conditions>
            </line>
            <line number="692" hits="0" branch="False" />
            <line number="693" hits="0" branch="False" />
            <line number="694" hits="0" branch="False" />
            <line number="697" hits="0" branch="False" />
            <line number="698" hits="0" branch="False" />
            <line number="699" hits="0" branch="False" />
            <line number="703" hits="0" branch="True" condition-coverage="0% (0/2)">
              <conditions>
                <condition number="0" type="jump" coverage="0%" />
              </conditions>
            </line>
            <line number="704" hits="0" branch="False" />
            <line number="705" hits="0" branch="False" />
            <line number="706" hits="0" branch="False" />
            <line number="709" hits="0" branch="False" />
            <line number="710" hits="0" branch="False" />
            <line number="711" hits="0" branch="False" />
            <line number="714" hits="0" branch="False" />
            <line number="715" hits="0" branch="False" />
            <line number="719" hits="0" branch="False" />
            <line number="723" hits="0" branch="True" condition-coverage="0% (0/2)">
              <conditions>
                <condition number="0" type="jump" coverage="0%" />
              </conditions>
            </line>
            <line number="724" hits="0" branch="False" />
            <line number="725" hits="0" branch="False" />
            <line number="726" hits="0" branch="False" />
            <line number="730" hits="0" branch="False" />
            <line number="731" hits="0" branch="False" />
            <line number="732" hits="0" branch="False" />
            <line number="733" hits="0" branch="False" />
            <line number="738" hits="0" branch="False" />
            <line number="739" hits="0" branch="True" condition-coverage="0% (0/2)">
              <conditions>
                <condition number="0" type="jump" coverage="0%" />
              </conditions>
            </line>
            <line number="740" hits="0" branch="False" />
            <line number="741" hits="0" branch="False" />
            <line number="742" hits="0" branch="False" />
            <line number="743" hits="0" branch="False" />
            <line number="744" hits="0" branch="False" />
          </lines>
        </class>
        <class line-rate="0" branch-rate="0" complexity="18" name="StudyHelper.Services.MarkdownParserService.&lt;&gt;c__DisplayClass7_0.&lt;&lt;ParseMarkdownFilesAsync&gt;b__0&gt;d" filename="C:\work2\StudyHelper\StudyHelper\Services\MarkdownParserService.cs">
          <methods>
            <method line-rate="0" branch-rate="0" complexity="18" name="MoveNext" signature="()">
              <lines>
                <line number="45" hits="0" branch="False" />
                <line number="46" hits="0" branch="False" />
                <line number="47" hits="0" branch="True" condition-coverage="0% (0/2)">
                  <conditions>
                    <condition number="0" type="jump" coverage="0%" />
                  </conditions>
                </line>
                <line number="49" hits="0" branch="False" />
                <line number="52" hits="0" branch="True" condition-coverage="0% (0/2)">
                  <conditions>
                    <condition number="0" type="jump" coverage="0%" />
                  </conditions>
                </line>
                <line number="53" hits="0" branch="False" />
                <line number="54" hits="0" branch="False" />
                <line number="56" hits="0" branch="True" condition-coverage="0% (0/2)">
                  <conditions>
                    <condition number="0" type="jump" coverage="0%" />
                  </conditions>
                </line>
                <line number="57" hits="0" branch="False" />
                <line number="58" hits="0" branch="False" />
                <line number="59" hits="0" branch="False" />
                <line number="61" hits="0" branch="True" condition-coverage="0% (0/2)">
                  <conditions>
                    <condition number="0" type="jump" coverage="0%" />
                  </conditions>
                </line>
                <line number="62" hits="0" branch="False" />
                <line number="63" hits="0" branch="False" />
                <line number="64" hits="0" branch="False" />
                <line number="65" hits="0" branch="False" />
                <line number="67" hits="0" branch="True" condition-coverage="0% (0/2)">
                  <conditions>
                    <condition number="0" type="jump" coverage="0%" />
                  </conditions>
                </line>
                <line number="68" hits="0" branch="False" />
                <line number="69" hits="0" branch="False" />
                <line number="70" hits="0" branch="False" />
                <line number="73" hits="0" branch="False" />
                <line number="75" hits="0" branch="False" />
                <line number="76" hits="0" branch="False" />
                <line number="79" hits="0" branch="False" />
                <line number="81" hits="0" branch="True" condition-coverage="0% (0/2)">
                  <conditions>
                    <condition number="0" type="jump" coverage="0%" />
                  </conditions>
                </line>
                <line number="82" hits="0" branch="False" />
                <line number="83" hits="0" branch="False" />
                <line number="84" hits="0" branch="False" />
                <line number="87" hits="0" branch="False" />
                <line number="89" hits="0" branch="True" condition-coverage="0% (0/2)">
                  <conditions>
                    <condition number="0" type="jump" coverage="0%" />
                  </conditions>
                </line>
                <line number="90" hits="0" branch="False" />
                <line number="91" hits="0" branch="False" />
                <line number="92" hits="0" branch="False" />
                <line number="95" hits="0" branch="True" condition-coverage="0% (0/2)">
                  <conditions>
                    <condition number="0" type="jump" coverage="0%" />
                  </conditions>
                </line>
                <line number="96" hits="0" branch="False" />
                <line number="98" hits="0" branch="False" />
                <line number="99" hits="0" branch="False" />
                <line number="100" hits="0" branch="False" />
                <line number="101" hits="0" branch="False" />
                <line number="102" hits="0" branch="False" />
                <line number="103" hits="0" branch="False" />
                <line number="104" hits="0" branch="False" />
                <line number="105" hits="0" branch="False" />
                <line number="106" hits="0" branch="False" />
                <line number="107" hits="0" branch="False" />
                <line number="109" hits="0" branch="True" condition-coverage="0% (0/2)">
                  <conditions>
                    <condition number="0" type="jump" coverage="0%" />
                  </conditions>
                </line>
                <line number="110" hits="0" branch="False" />
                <line number="111" hits="0" branch="False" />
                <line number="112" hits="0" branch="False" />
                <line number="115" hits="0" branch="False" />
                <line number="116" hits="0" branch="False" />
              </lines>
            </method>
          </methods>
          <lines>
            <line number="45" hits="0" branch="False" />
            <line number="46" hits="0" branch="False" />
            <line number="47" hits="0" branch="True" condition-coverage="0% (0/2)">
              <conditions>
                <condition number="0" type="jump" coverage="0%" />
              </conditions>
            </line>
            <line number="49" hits="0" branch="False" />
            <line number="52" hits="0" branch="True" condition-coverage="0% (0/2)">
              <conditions>
                <condition number="0" type="jump" coverage="0%" />
              </conditions>
            </line>
            <line number="53" hits="0" branch="False" />
            <line number="54" hits="0" branch="False" />
            <line number="56" hits="0" branch="True" condition-coverage="0% (0/2)">
              <conditions>
                <condition number="0" type="jump" coverage="0%" />
              </conditions>
            </line>
            <line number="57" hits="0" branch="False" />
            <line number="58" hits="0" branch="False" />
            <line number="59" hits="0" branch="False" />
            <line number="61" hits="0" branch="True" condition-coverage="0% (0/2)">
              <conditions>
                <condition number="0" type="jump" coverage="0%" />
              </conditions>
            </line>
            <line number="62" hits="0" branch="False" />
            <line number="63" hits="0" branch="False" />
            <line number="64" hits="0" branch="False" />
            <line number="65" hits="0" branch="False" />
            <line number="67" hits="0" branch="True" condition-coverage="0% (0/2)">
              <conditions>
                <condition number="0" type="jump" coverage="0%" />
              </conditions>
            </line>
            <line number="68" hits="0" branch="False" />
            <line number="69" hits="0" branch="False" />
            <line number="70" hits="0" branch="False" />
            <line number="73" hits="0" branch="False" />
            <line number="75" hits="0" branch="False" />
            <line number="76" hits="0" branch="False" />
            <line number="79" hits="0" branch="False" />
            <line number="81" hits="0" branch="True" condition-coverage="0% (0/2)">
              <conditions>
                <condition number="0" type="jump" coverage="0%" />
              </conditions>
            </line>
            <line number="82" hits="0" branch="False" />
            <line number="83" hits="0" branch="False" />
            <line number="84" hits="0" branch="False" />
            <line number="87" hits="0" branch="False" />
            <line number="89" hits="0" branch="True" condition-coverage="0% (0/2)">
              <conditions>
                <condition number="0" type="jump" coverage="0%" />
              </conditions>
            </line>
            <line number="90" hits="0" branch="False" />
            <line number="91" hits="0" branch="False" />
            <line number="92" hits="0" branch="False" />
            <line number="95" hits="0" branch="True" condition-coverage="0% (0/2)">
              <conditions>
                <condition number="0" type="jump" coverage="0%" />
              </conditions>
            </line>
            <line number="96" hits="0" branch="False" />
            <line number="98" hits="0" branch="False" />
            <line number="99" hits="0" branch="False" />
            <line number="100" hits="0" branch="False" />
            <line number="101" hits="0" branch="False" />
            <line number="102" hits="0" branch="False" />
            <line number="103" hits="0" branch="False" />
            <line number="104" hits="0" branch="False" />
            <line number="105" hits="0" branch="False" />
            <line number="106" hits="0" branch="False" />
            <line number="107" hits="0" branch="False" />
            <line number="109" hits="0" branch="True" condition-coverage="0% (0/2)">
              <conditions>
                <condition number="0" type="jump" coverage="0%" />
              </conditions>
            </line>
            <line number="110" hits="0" branch="False" />
            <line number="111" hits="0" branch="False" />
            <line number="112" hits="0" branch="False" />
            <line number="115" hits="0" branch="False" />
            <line number="116" hits="0" branch="False" />
          </lines>
        </class>
      </classes>
    </package>
  </packages>
</coverage>